  [1m[35m (77.8ms)[0m  [1m[35mCREATE DATABASE "Cats_development" ENCODING = 'unicode'[0m
  ↳ bin/rails:9
  [1m[35m (34.8ms)[0m  [1m[35mCREATE DATABASE "Cats_test" ENCODING = 'unicode'[0m
  ↳ bin/rails:9
  [1m[35m (14.2ms)[0m  [1m[35mCREATE TABLE "schema_migrations" ("version" character varying NOT NULL PRIMARY KEY)[0m
  ↳ bin/rails:9
  [1m[35m (0.8ms)[0m  [1m[35mCREATE TABLE "ar_internal_metadata" ("key" character varying NOT NULL PRIMARY KEY, "value" character varying, "created_at" timestamp NOT NULL, "updated_at" timestamp NOT NULL)[0m
  ↳ bin/rails:9
  [1m[35m (0.3ms)[0m  [1m[34mSELECT pg_try_advisory_lock(53283042395386965)[0m
  ↳ bin/rails:9
  [1m[35m (1.1ms)[0m  [1m[34mSELECT "schema_migrations"."version" FROM "schema_migrations" ORDER BY "schema_migrations"."version" ASC[0m
  ↳ bin/rails:9
Migrating to CreateCats (20220701181537)
  [1m[35m (0.1ms)[0m  [1m[35mBEGIN[0m
  ↳ bin/rails:9
  [1m[35m (5.6ms)[0m  [1m[35mCREATE TABLE "cats" ("id" bigserial primary key, "birth_date" date NOT NULL, "color" character varying NOT NULL, "name" character varying NOT NULL, "sex" character varying(1) NOT NULL, "description" text NOT NULL, "created_at" timestamp NOT NULL, "updated_at" timestamp NOT NULL)[0m
  ↳ db/migrate/20220701181537_create_cats.rb:3
  [1m[36mActiveRecord::SchemaMigration Create (1.0ms)[0m  [1m[32mINSERT INTO "schema_migrations" ("version") VALUES ($1) RETURNING "version"[0m  [["version", "20220701181537"]]
  ↳ bin/rails:9
  [1m[35m (1.0ms)[0m  [1m[35mCOMMIT[0m
  ↳ bin/rails:9
  [1m[36mActiveRecord::InternalMetadata Load (0.1ms)[0m  [1m[34mSELECT  "ar_internal_metadata".* FROM "ar_internal_metadata" WHERE "ar_internal_metadata"."key" = $1 LIMIT $2[0m  [["key", "environment"], ["LIMIT", 1]]
  ↳ bin/rails:9
  [1m[35m (0.1ms)[0m  [1m[35mBEGIN[0m
  ↳ bin/rails:9
  [1m[36mActiveRecord::InternalMetadata Create (0.4ms)[0m  [1m[32mINSERT INTO "ar_internal_metadata" ("key", "value", "created_at", "updated_at") VALUES ($1, $2, $3, $4) RETURNING "key"[0m  [["key", "environment"], ["value", "development"], ["created_at", "2022-07-01 18:22:19.687709"], ["updated_at", "2022-07-01 18:22:19.687709"]]
  ↳ bin/rails:9
  [1m[35m (0.2ms)[0m  [1m[35mCOMMIT[0m
  ↳ bin/rails:9
  [1m[35m (0.1ms)[0m  [1m[34mSELECT pg_advisory_unlock(53283042395386965)[0m
  ↳ bin/rails:9
  [1m[35m (0.1ms)[0m  [1m[34mSELECT "schema_migrations"."version" FROM "schema_migrations" ORDER BY "schema_migrations"."version" ASC[0m
  ↳ bin/rails:9
  [1m[35m (0.5ms)[0m  [1m[34mSELECT "schema_migrations"."version" FROM "schema_migrations" ORDER BY "schema_migrations"."version" ASC[0m
  ↳ /Users/dianamc/.rbenv/versions/2.5.1/bin/annotate:25
  [1m[35m (0.6ms)[0m  [1m[34mSELECT "schema_migrations"."version" FROM "schema_migrations" ORDER BY "schema_migrations"."version" ASC[0m
  ↳ bin/rails:9
  [1m[35m (0.4ms)[0m  [1m[34mSELECT "schema_migrations"."version" FROM "schema_migrations" ORDER BY "schema_migrations"."version" ASC[0m
  ↳ bin/rails:9
  [1m[35m (0.8ms)[0m  [1m[34mSELECT "schema_migrations"."version" FROM "schema_migrations" ORDER BY "schema_migrations"."version" ASC[0m
  ↳ bin/rails:9
  [1m[35m (0.1ms)[0m  [1m[35mBEGIN[0m
  ↳ db/seeds.rb:9
  [1m[36mCat Create (3.0ms)[0m  [1m[32mINSERT INTO "cats" ("birth_date", "color", "name", "sex", "description", "created_at", "updated_at") VALUES ($1, $2, $3, $4, $5, $6, $7) RETURNING "id"[0m  [["birth_date", "2015-01-20"], ["color", "Black"], ["name", "Salem"], ["sex", "M"], ["description", "talking magical cat"], ["created_at", "2022-07-01 19:25:51.462668"], ["updated_at", "2022-07-01 19:25:51.462668"]]
  ↳ db/seeds.rb:9
  [1m[35m (0.8ms)[0m  [1m[35mCOMMIT[0m
  ↳ db/seeds.rb:9
  [1m[35m (0.1ms)[0m  [1m[35mBEGIN[0m
  ↳ db/seeds.rb:10
  [1m[36mCat Create (0.2ms)[0m  [1m[32mINSERT INTO "cats" ("birth_date", "color", "name", "sex", "description", "created_at", "updated_at") VALUES ($1, $2, $3, $4, $5, $6, $7) RETURNING "id"[0m  [["birth_date", "2019-02-04"], ["color", "White"], ["name", "Jet"], ["sex", "M"], ["description", "holder of expensive toys"], ["created_at", "2022-07-01 19:25:51.467780"], ["updated_at", "2022-07-01 19:25:51.467780"]]
  ↳ db/seeds.rb:10
  [1m[35m (0.2ms)[0m  [1m[35mCOMMIT[0m
  ↳ db/seeds.rb:10
  [1m[35m (0.1ms)[0m  [1m[35mBEGIN[0m
  ↳ db/seeds.rb:11
  [1m[36mCat Create (0.2ms)[0m  [1m[32mINSERT INTO "cats" ("birth_date", "color", "name", "sex", "description", "created_at", "updated_at") VALUES ($1, $2, $3, $4, $5, $6, $7) RETURNING "id"[0m  [["birth_date", "2020-03-23"], ["color", "Orange"], ["name", "Orange"], ["sex", "F"], ["description", "Youngest cat"], ["created_at", "2022-07-01 19:25:51.469250"], ["updated_at", "2022-07-01 19:25:51.469250"]]
  ↳ db/seeds.rb:11
  [1m[35m (0.3ms)[0m  [1m[35mCOMMIT[0m
  ↳ db/seeds.rb:11
  [1m[35m (0.1ms)[0m  [1m[35mBEGIN[0m
  ↳ db/seeds.rb:12
  [1m[36mCat Create (0.1ms)[0m  [1m[32mINSERT INTO "cats" ("birth_date", "color", "name", "sex", "description", "created_at", "updated_at") VALUES ($1, $2, $3, $4, $5, $6, $7) RETURNING "id"[0m  [["birth_date", "2010-05-05"], ["color", "Brown"], ["name", "Vans"], ["sex", "M"], ["description", "Oldest cat around the block"], ["created_at", "2022-07-01 19:25:51.470790"], ["updated_at", "2022-07-01 19:25:51.470790"]]
  ↳ db/seeds.rb:12
  [1m[35m (0.2ms)[0m  [1m[35mCOMMIT[0m
  ↳ db/seeds.rb:12
  [1m[35m (0.1ms)[0m  [1m[35mBEGIN[0m
  ↳ db/seeds.rb:13
  [1m[36mCat Create (0.2ms)[0m  [1m[32mINSERT INTO "cats" ("birth_date", "color", "name", "sex", "description", "created_at", "updated_at") VALUES ($1, $2, $3, $4, $5, $6, $7) RETURNING "id"[0m  [["birth_date", "2017-07-23"], ["color", "Lavender"], ["name", "Vanilla"], ["sex", "F"], ["description", "Sweetest cat, all male cats want her"], ["created_at", "2022-07-01 19:25:51.472161"], ["updated_at", "2022-07-01 19:25:51.472161"]]
  ↳ db/seeds.rb:13
  [1m[35m (0.3ms)[0m  [1m[35mCOMMIT[0m
  ↳ db/seeds.rb:13
  [1m[36mCat Load (0.7ms)[0m  [1m[34mSELECT "cats".* FROM "cats"[0m
Started GET "/cats" for ::1 at 2022-07-01 15:29:05 -0400
  [1m[35m (0.4ms)[0m  [1m[34mSELECT "schema_migrations"."version" FROM "schema_migrations" ORDER BY "schema_migrations"."version" ASC[0m
  ↳ /Users/dianamc/.rbenv/versions/2.5.1/lib/ruby/gems/2.5.0/gems/activerecord-5.2.8/lib/active_record/log_subscriber.rb:98
Processing by CatsController#index as HTML
  Rendering cats/index.html.erb within layouts/application
  [1m[36mCat Load (0.6ms)[0m  [1m[34mSELECT "cats".* FROM "cats"[0m
  ↳ app/views/cats/index.html.erb:2
  Rendered cats/index.html.erb within layouts/application (19.3ms)
Completed 500 Internal Server Error in 29ms (ActiveRecord: 4.4ms)


  
ActionView::Template::Error (No route matches {:action=>"show", :controller=>"cats"}, missing required keys: [:id]):
    3:     <li>
    4:         <ul>
    5:             <li><%= kitty.name %></li>
    6:             <li><a href="<%= cat_url %>">Show page</a></li>
    7:         </ul>
    8:     </li>
    9:     <% end %>
  
app/views/cats/index.html.erb:6:in `block in _app_views_cats_index_html_erb__2931137719270193825_2188463940'
app/views/cats/index.html.erb:2:in `_app_views_cats_index_html_erb__2931137719270193825_2188463940'
app/controllers/cats_controller.rb:5:in `index'
Started GET "/cats" for ::1 at 2022-07-01 15:31:36 -0400
Processing by CatsController#index as HTML
  Rendering cats/index.html.erb within layouts/application
  [1m[36mCat Load (0.8ms)[0m  [1m[34mSELECT "cats".* FROM "cats"[0m
  ↳ app/views/cats/index.html.erb:2
  Rendered cats/index.html.erb within layouts/application (2.4ms)
Completed 200 OK in 912ms (Views: 910.8ms | ActiveRecord: 0.8ms)


Started GET "/cats/1" for ::1 at 2022-07-01 15:31:41 -0400
Processing by CatsController#show as HTML
  Parameters: {"id"=>"1"}
Completed 406 Not Acceptable in 59ms (ActiveRecord: 0.0ms)


  
ActionController::UnknownFormat (CatsController#show is missing a template for this request format and variant.

request.formats: ["text/html"]
request.variant: []

NOTE! For XHR/Ajax or API requests, this action would normally respond with 204 No Content: an empty white screen. Since you're loading it in a web browser, we assume that you expected to actually render a template, not nothing, so we're showing an error to be extra-clear. If you expect 204 No Content, carry on. That's what you'll get from an XHR or API request. Give it a shot.):
  
actionpack (5.2.8) lib/action_controller/metal/implicit_render.rb:55:in `default_render'
actionpack (5.2.8) lib/action_controller/metal/basic_implicit_render.rb:6:in `block in send_action'
actionpack (5.2.8) lib/action_controller/metal/basic_implicit_render.rb:6:in `tap'
actionpack (5.2.8) lib/action_controller/metal/basic_implicit_render.rb:6:in `send_action'
actionpack (5.2.8) lib/abstract_controller/base.rb:194:in `process_action'
actionpack (5.2.8) lib/action_controller/metal/rendering.rb:30:in `process_action'
actionpack (5.2.8) lib/abstract_controller/callbacks.rb:42:in `block in process_action'
activesupport (5.2.8) lib/active_support/callbacks.rb:132:in `run_callbacks'
actionpack (5.2.8) lib/abstract_controller/callbacks.rb:41:in `process_action'
actionpack (5.2.8) lib/action_controller/metal/rescue.rb:22:in `process_action'
actionpack (5.2.8) lib/action_controller/metal/instrumentation.rb:34:in `block in process_action'
activesupport (5.2.8) lib/active_support/notifications.rb:168:in `block in instrument'
activesupport (5.2.8) lib/active_support/notifications/instrumenter.rb:23:in `instrument'
activesupport (5.2.8) lib/active_support/notifications.rb:168:in `instrument'
actionpack (5.2.8) lib/action_controller/metal/instrumentation.rb:32:in `process_action'
actionpack (5.2.8) lib/action_controller/metal/params_wrapper.rb:256:in `process_action'
activerecord (5.2.8) lib/active_record/railties/controller_runtime.rb:24:in `process_action'
actionpack (5.2.8) lib/abstract_controller/base.rb:134:in `process'
actionview (5.2.8) lib/action_view/rendering.rb:32:in `process'
actionpack (5.2.8) lib/action_controller/metal.rb:191:in `dispatch'
actionpack (5.2.8) lib/action_controller/metal.rb:252:in `dispatch'
actionpack (5.2.8) lib/action_dispatch/routing/route_set.rb:52:in `dispatch'
actionpack (5.2.8) lib/action_dispatch/routing/route_set.rb:34:in `serve'
actionpack (5.2.8) lib/action_dispatch/journey/router.rb:52:in `block in serve'
actionpack (5.2.8) lib/action_dispatch/journey/router.rb:35:in `each'
actionpack (5.2.8) lib/action_dispatch/journey/router.rb:35:in `serve'
actionpack (5.2.8) lib/action_dispatch/routing/route_set.rb:840:in `call'
rack (2.2.4) lib/rack/tempfile_reaper.rb:15:in `call'
rack (2.2.4) lib/rack/etag.rb:27:in `call'
rack (2.2.4) lib/rack/conditional_get.rb:27:in `call'
rack (2.2.4) lib/rack/head.rb:12:in `call'
actionpack (5.2.8) lib/action_dispatch/http/content_security_policy.rb:18:in `call'
rack (2.2.4) lib/rack/session/abstract/id.rb:266:in `context'
rack (2.2.4) lib/rack/session/abstract/id.rb:260:in `call'
actionpack (5.2.8) lib/action_dispatch/middleware/cookies.rb:670:in `call'
activerecord (5.2.8) lib/active_record/migration.rb:559:in `call'
actionpack (5.2.8) lib/action_dispatch/middleware/callbacks.rb:28:in `block in call'
activesupport (5.2.8) lib/active_support/callbacks.rb:98:in `run_callbacks'
actionpack (5.2.8) lib/action_dispatch/middleware/callbacks.rb:26:in `call'
actionpack (5.2.8) lib/action_dispatch/middleware/executor.rb:14:in `call'
actionpack (5.2.8) lib/action_dispatch/middleware/debug_exceptions.rb:61:in `call'
web-console (3.7.0) lib/web_console/middleware.rb:135:in `call_app'
web-console (3.7.0) lib/web_console/middleware.rb:30:in `block in call'
web-console (3.7.0) lib/web_console/middleware.rb:20:in `catch'
web-console (3.7.0) lib/web_console/middleware.rb:20:in `call'
actionpack (5.2.8) lib/action_dispatch/middleware/show_exceptions.rb:33:in `call'
railties (5.2.8) lib/rails/rack/logger.rb:38:in `call_app'
railties (5.2.8) lib/rails/rack/logger.rb:26:in `block in call'
activesupport (5.2.8) lib/active_support/tagged_logging.rb:71:in `block in tagged'
activesupport (5.2.8) lib/active_support/tagged_logging.rb:28:in `tagged'
activesupport (5.2.8) lib/active_support/tagged_logging.rb:71:in `tagged'
railties (5.2.8) lib/rails/rack/logger.rb:26:in `call'
sprockets-rails (3.4.2) lib/sprockets/rails/quiet_assets.rb:13:in `call'
actionpack (5.2.8) lib/action_dispatch/middleware/remote_ip.rb:81:in `call'
actionpack (5.2.8) lib/action_dispatch/middleware/request_id.rb:27:in `call'
rack (2.2.4) lib/rack/method_override.rb:24:in `call'
rack (2.2.4) lib/rack/runtime.rb:22:in `call'
activesupport (5.2.8) lib/active_support/cache/strategy/local_cache_middleware.rb:29:in `call'
actionpack (5.2.8) lib/action_dispatch/middleware/executor.rb:14:in `call'
actionpack (5.2.8) lib/action_dispatch/middleware/static.rb:127:in `call'
rack (2.2.4) lib/rack/sendfile.rb:110:in `call'
railties (5.2.8) lib/rails/engine.rb:524:in `call'
puma (3.12.6) lib/puma/configuration.rb:227:in `call'
puma (3.12.6) lib/puma/server.rb:706:in `handle_request'
puma (3.12.6) lib/puma/server.rb:476:in `process_client'
puma (3.12.6) lib/puma/server.rb:334:in `block in run'
puma (3.12.6) lib/puma/thread_pool.rb:135:in `block in spawn_thread'
Started GET "/cats" for ::1 at 2022-07-01 15:31:43 -0400
Processing by CatsController#index as HTML
  Rendering cats/index.html.erb within layouts/application
  [1m[36mCat Load (0.3ms)[0m  [1m[34mSELECT "cats".* FROM "cats"[0m
  ↳ app/views/cats/index.html.erb:2
  Rendered cats/index.html.erb within layouts/application (1.6ms)
Completed 200 OK in 17ms (Views: 15.7ms | ActiveRecord: 0.3ms)


Started GET "/cats/2" for ::1 at 2022-07-01 15:39:32 -0400
Processing by CatsController#show as HTML
  Parameters: {"id"=>"2"}
  [1m[36mCat Load (0.3ms)[0m  [1m[34mSELECT  "cats".* FROM "cats" WHERE "cats"."id" = $1 LIMIT $2[0m  [["id", nil], ["LIMIT", 1]]
  ↳ app/controllers/cats_controller.rb:9
Completed 404 Not Found in 12ms (ActiveRecord: 6.8ms)


  
ActiveRecord::RecordNotFound (Couldn't find Cat with 'id'=id):
  
app/controllers/cats_controller.rb:9:in `show'
Started GET "/cats/2" for ::1 at 2022-07-01 15:39:53 -0400
Processing by CatsController#show as HTML
  Parameters: {"id"=>"2"}
Completed 500 Internal Server Error in 5ms (ActiveRecord: 1.6ms)


  
ArgumentError (Unsupported argument type: id (Symbol)):
  
app/controllers/cats_controller.rb:9:in `show'
Started GET "/cats/2" for ::1 at 2022-07-01 15:40:40 -0400
Processing by CatsController#show as HTML
  Parameters: {"id"=>"2"}
  [1m[36mCat Load (0.3ms)[0m  [1m[34mSELECT  "cats".* FROM "cats" WHERE "cats"."id" = $1 LIMIT $2[0m  [["id", nil], ["LIMIT", 1]]
  ↳ app/controllers/cats_controller.rb:9
Completed 404 Not Found in 8ms (ActiveRecord: 4.2ms)


  
ActiveRecord::RecordNotFound (Couldn't find Cat with 'id'={:id=>"2"}):
  
app/controllers/cats_controller.rb:9:in `show'
Started GET "/cats/2" for ::1 at 2022-07-01 15:40:41 -0400
Processing by CatsController#show as HTML
  Parameters: {"id"=>"2"}
  [1m[36mCat Load (0.3ms)[0m  [1m[34mSELECT  "cats".* FROM "cats" WHERE "cats"."id" = $1 LIMIT $2[0m  [["id", nil], ["LIMIT", 1]]
  ↳ app/controllers/cats_controller.rb:9
Completed 404 Not Found in 2ms (ActiveRecord: 0.3ms)


  
ActiveRecord::RecordNotFound (Couldn't find Cat with 'id'={:id=>"2"}):
  
app/controllers/cats_controller.rb:9:in `show'
Started GET "/cats/2" for ::1 at 2022-07-01 15:40:50 -0400
Processing by CatsController#show as HTML
  Parameters: {"id"=>"2"}
  [1m[36mCat Load (0.2ms)[0m  [1m[34mSELECT  "cats".* FROM "cats" WHERE "cats"."id" = $1 LIMIT $2[0m  [["id", 2], ["LIMIT", 1]]
  ↳ app/controllers/cats_controller.rb:9
  Rendering cats/show.html.erb within layouts/application
  Rendered cats/show.html.erb within layouts/application (0.2ms)
Completed 200 OK in 27ms (Views: 16.3ms | ActiveRecord: 3.0ms)


Started GET "/cats/2" for ::1 at 2022-07-01 15:41:40 -0400
Processing by CatsController#show as HTML
  Parameters: {"id"=>"2"}
  [1m[36mCat Load (0.3ms)[0m  [1m[34mSELECT  "cats".* FROM "cats" WHERE "cats"."id" = $1 LIMIT $2[0m  [["id", 2], ["LIMIT", 1]]
  ↳ app/controllers/cats_controller.rb:9
  Rendering cats/show.html.erb within layouts/application
  Rendered cats/show.html.erb within layouts/application (0.3ms)
Completed 200 OK in 18ms (Views: 17.0ms | ActiveRecord: 0.3ms)


Started GET "/cats/2" for ::1 at 2022-07-01 15:43:38 -0400
Processing by CatsController#show as HTML
  Parameters: {"id"=>"2"}
  [1m[36mCat Load (0.2ms)[0m  [1m[34mSELECT  "cats".* FROM "cats" WHERE "cats"."id" = $1 LIMIT $2[0m  [["id", 2], ["LIMIT", 1]]
  ↳ app/controllers/cats_controller.rb:9
  Rendering cats/show.html.erb within layouts/application
  Rendered cats/show.html.erb within layouts/application (3.6ms)
Completed 500 Internal Server Error in 8ms (ActiveRecord: 0.2ms)


  
ActionView::Template::Error (undefined method `birth_date' for nil:NilClass):
     6:     </thead>
     7:     <tbody>
     8:         <tr>
     9:             <td><%= @kitty.birth_date%></td>
    10:             <td><%= @kitty.color %></td>
    11:             <td><%= @kitty.name %></td>
    12:             <td><%= @kitty.sex %></td>
  
app/views/cats/show.html.erb:9:in `_app_views_cats_show_html_erb___1037124727890512106_2205793460'
app/controllers/cats_controller.rb:10:in `show'
Started GET "/cats/2" for ::1 at 2022-07-01 15:44:02 -0400
Processing by CatsController#show as HTML
  Parameters: {"id"=>"2"}
  [1m[36mCat Load (0.3ms)[0m  [1m[34mSELECT  "cats".* FROM "cats" WHERE "cats"."id" = $1 LIMIT $2[0m  [["id", 2], ["LIMIT", 1]]
  ↳ app/controllers/cats_controller.rb:9
  Rendering cats/show.html.erb within layouts/application
  Rendered cats/show.html.erb within layouts/application (0.6ms)
Completed 200 OK in 30ms (Views: 19.2ms | ActiveRecord: 3.1ms)


Started GET "/cats/new" for ::1 at 2022-07-01 16:16:01 -0400
Processing by CatsController#new as HTML
  Rendering cats/new.html.erb within layouts/application
  Rendered cats/new.html.erb within layouts/application (0.5ms)
Completed 200 OK in 18ms (Views: 17.9ms | ActiveRecord: 0.0ms)


Started POST "/cats" for ::1 at 2022-07-01 16:16:54 -0400
  
AbstractController::ActionNotFound (The action 'create' could not be found for CatsController):
  
actionpack (5.2.8) lib/abstract_controller/base.rb:129:in `process'
actionview (5.2.8) lib/action_view/rendering.rb:32:in `process'
actionpack (5.2.8) lib/action_controller/metal.rb:191:in `dispatch'
actionpack (5.2.8) lib/action_controller/metal.rb:252:in `dispatch'
actionpack (5.2.8) lib/action_dispatch/routing/route_set.rb:52:in `dispatch'
actionpack (5.2.8) lib/action_dispatch/routing/route_set.rb:34:in `serve'
actionpack (5.2.8) lib/action_dispatch/journey/router.rb:52:in `block in serve'
actionpack (5.2.8) lib/action_dispatch/journey/router.rb:35:in `each'
actionpack (5.2.8) lib/action_dispatch/journey/router.rb:35:in `serve'
actionpack (5.2.8) lib/action_dispatch/routing/route_set.rb:840:in `call'
rack (2.2.4) lib/rack/tempfile_reaper.rb:15:in `call'
rack (2.2.4) lib/rack/etag.rb:27:in `call'
rack (2.2.4) lib/rack/conditional_get.rb:40:in `call'
rack (2.2.4) lib/rack/head.rb:12:in `call'
actionpack (5.2.8) lib/action_dispatch/http/content_security_policy.rb:18:in `call'
rack (2.2.4) lib/rack/session/abstract/id.rb:266:in `context'
rack (2.2.4) lib/rack/session/abstract/id.rb:260:in `call'
actionpack (5.2.8) lib/action_dispatch/middleware/cookies.rb:670:in `call'
activerecord (5.2.8) lib/active_record/migration.rb:559:in `call'
actionpack (5.2.8) lib/action_dispatch/middleware/callbacks.rb:28:in `block in call'
activesupport (5.2.8) lib/active_support/callbacks.rb:98:in `run_callbacks'
actionpack (5.2.8) lib/action_dispatch/middleware/callbacks.rb:26:in `call'
actionpack (5.2.8) lib/action_dispatch/middleware/executor.rb:14:in `call'
actionpack (5.2.8) lib/action_dispatch/middleware/debug_exceptions.rb:61:in `call'
web-console (3.7.0) lib/web_console/middleware.rb:135:in `call_app'
web-console (3.7.0) lib/web_console/middleware.rb:30:in `block in call'
web-console (3.7.0) lib/web_console/middleware.rb:20:in `catch'
web-console (3.7.0) lib/web_console/middleware.rb:20:in `call'
actionpack (5.2.8) lib/action_dispatch/middleware/show_exceptions.rb:33:in `call'
railties (5.2.8) lib/rails/rack/logger.rb:38:in `call_app'
railties (5.2.8) lib/rails/rack/logger.rb:26:in `block in call'
activesupport (5.2.8) lib/active_support/tagged_logging.rb:71:in `block in tagged'
activesupport (5.2.8) lib/active_support/tagged_logging.rb:28:in `tagged'
activesupport (5.2.8) lib/active_support/tagged_logging.rb:71:in `tagged'
railties (5.2.8) lib/rails/rack/logger.rb:26:in `call'
sprockets-rails (3.4.2) lib/sprockets/rails/quiet_assets.rb:13:in `call'
actionpack (5.2.8) lib/action_dispatch/middleware/remote_ip.rb:81:in `call'
actionpack (5.2.8) lib/action_dispatch/middleware/request_id.rb:27:in `call'
rack (2.2.4) lib/rack/method_override.rb:24:in `call'
rack (2.2.4) lib/rack/runtime.rb:22:in `call'
activesupport (5.2.8) lib/active_support/cache/strategy/local_cache_middleware.rb:29:in `call'
actionpack (5.2.8) lib/action_dispatch/middleware/executor.rb:14:in `call'
actionpack (5.2.8) lib/action_dispatch/middleware/static.rb:127:in `call'
rack (2.2.4) lib/rack/sendfile.rb:110:in `call'
railties (5.2.8) lib/rails/engine.rb:524:in `call'
puma (3.12.6) lib/puma/configuration.rb:227:in `call'
puma (3.12.6) lib/puma/server.rb:706:in `handle_request'
puma (3.12.6) lib/puma/server.rb:476:in `process_client'
puma (3.12.6) lib/puma/server.rb:334:in `block in run'
puma (3.12.6) lib/puma/thread_pool.rb:135:in `block in spawn_thread'
Started GET "/cats/new" for ::1 at 2022-07-01 16:18:40 -0400
Processing by CatsController#new as HTML
  Rendering cats/new.html.erb within layouts/application
  Rendered cats/new.html.erb within layouts/application (0.5ms)
Completed 200 OK in 17ms (Views: 16.8ms | ActiveRecord: 0.0ms)


Started POST "/cats" for ::1 at 2022-07-01 16:19:10 -0400
Processing by CatsController#create as HTML
  Parameters: {"cat"=>{"name"=>"Georgia", "birth_date"=>"2018/06/29", "color"=>"Brown", "sex"=>"F", "description"=>"Cat desc"}}
Can't verify CSRF token authenticity.
Completed 422 Unprocessable Entity in 0ms (ActiveRecord: 0.0ms)


  
ActionController::InvalidAuthenticityToken (ActionController::InvalidAuthenticityToken):
  
actionpack (5.2.8) lib/action_controller/metal/request_forgery_protection.rb:215:in `handle_unverified_request'
actionpack (5.2.8) lib/action_controller/metal/request_forgery_protection.rb:247:in `handle_unverified_request'
actionpack (5.2.8) lib/action_controller/metal/request_forgery_protection.rb:242:in `verify_authenticity_token'
activesupport (5.2.8) lib/active_support/callbacks.rb:426:in `block in make_lambda'
activesupport (5.2.8) lib/active_support/callbacks.rb:198:in `block (2 levels) in halting'
actionpack (5.2.8) lib/abstract_controller/callbacks.rb:34:in `block (2 levels) in <module:Callbacks>'
activesupport (5.2.8) lib/active_support/callbacks.rb:199:in `block in halting'
activesupport (5.2.8) lib/active_support/callbacks.rb:513:in `block in invoke_before'
activesupport (5.2.8) lib/active_support/callbacks.rb:513:in `each'
activesupport (5.2.8) lib/active_support/callbacks.rb:513:in `invoke_before'
activesupport (5.2.8) lib/active_support/callbacks.rb:131:in `run_callbacks'
actionpack (5.2.8) lib/abstract_controller/callbacks.rb:41:in `process_action'
actionpack (5.2.8) lib/action_controller/metal/rescue.rb:22:in `process_action'
actionpack (5.2.8) lib/action_controller/metal/instrumentation.rb:34:in `block in process_action'
activesupport (5.2.8) lib/active_support/notifications.rb:168:in `block in instrument'
activesupport (5.2.8) lib/active_support/notifications/instrumenter.rb:23:in `instrument'
activesupport (5.2.8) lib/active_support/notifications.rb:168:in `instrument'
actionpack (5.2.8) lib/action_controller/metal/instrumentation.rb:32:in `process_action'
actionpack (5.2.8) lib/action_controller/metal/params_wrapper.rb:256:in `process_action'
activerecord (5.2.8) lib/active_record/railties/controller_runtime.rb:24:in `process_action'
actionpack (5.2.8) lib/abstract_controller/base.rb:134:in `process'
actionview (5.2.8) lib/action_view/rendering.rb:32:in `process'
actionpack (5.2.8) lib/action_controller/metal.rb:191:in `dispatch'
actionpack (5.2.8) lib/action_controller/metal.rb:252:in `dispatch'
actionpack (5.2.8) lib/action_dispatch/routing/route_set.rb:52:in `dispatch'
actionpack (5.2.8) lib/action_dispatch/routing/route_set.rb:34:in `serve'
actionpack (5.2.8) lib/action_dispatch/journey/router.rb:52:in `block in serve'
actionpack (5.2.8) lib/action_dispatch/journey/router.rb:35:in `each'
actionpack (5.2.8) lib/action_dispatch/journey/router.rb:35:in `serve'
actionpack (5.2.8) lib/action_dispatch/routing/route_set.rb:840:in `call'
rack (2.2.4) lib/rack/tempfile_reaper.rb:15:in `call'
rack (2.2.4) lib/rack/etag.rb:27:in `call'
rack (2.2.4) lib/rack/conditional_get.rb:40:in `call'
rack (2.2.4) lib/rack/head.rb:12:in `call'
actionpack (5.2.8) lib/action_dispatch/http/content_security_policy.rb:18:in `call'
rack (2.2.4) lib/rack/session/abstract/id.rb:266:in `context'
rack (2.2.4) lib/rack/session/abstract/id.rb:260:in `call'
actionpack (5.2.8) lib/action_dispatch/middleware/cookies.rb:670:in `call'
activerecord (5.2.8) lib/active_record/migration.rb:559:in `call'
actionpack (5.2.8) lib/action_dispatch/middleware/callbacks.rb:28:in `block in call'
activesupport (5.2.8) lib/active_support/callbacks.rb:98:in `run_callbacks'
actionpack (5.2.8) lib/action_dispatch/middleware/callbacks.rb:26:in `call'
actionpack (5.2.8) lib/action_dispatch/middleware/executor.rb:14:in `call'
actionpack (5.2.8) lib/action_dispatch/middleware/debug_exceptions.rb:61:in `call'
web-console (3.7.0) lib/web_console/middleware.rb:135:in `call_app'
web-console (3.7.0) lib/web_console/middleware.rb:30:in `block in call'
web-console (3.7.0) lib/web_console/middleware.rb:20:in `catch'
web-console (3.7.0) lib/web_console/middleware.rb:20:in `call'
actionpack (5.2.8) lib/action_dispatch/middleware/show_exceptions.rb:33:in `call'
railties (5.2.8) lib/rails/rack/logger.rb:38:in `call_app'
railties (5.2.8) lib/rails/rack/logger.rb:26:in `block in call'
activesupport (5.2.8) lib/active_support/tagged_logging.rb:71:in `block in tagged'
activesupport (5.2.8) lib/active_support/tagged_logging.rb:28:in `tagged'
activesupport (5.2.8) lib/active_support/tagged_logging.rb:71:in `tagged'
railties (5.2.8) lib/rails/rack/logger.rb:26:in `call'
sprockets-rails (3.4.2) lib/sprockets/rails/quiet_assets.rb:13:in `call'
actionpack (5.2.8) lib/action_dispatch/middleware/remote_ip.rb:81:in `call'
actionpack (5.2.8) lib/action_dispatch/middleware/request_id.rb:27:in `call'
rack (2.2.4) lib/rack/method_override.rb:24:in `call'
rack (2.2.4) lib/rack/runtime.rb:22:in `call'
activesupport (5.2.8) lib/active_support/cache/strategy/local_cache_middleware.rb:29:in `call'
actionpack (5.2.8) lib/action_dispatch/middleware/executor.rb:14:in `call'
actionpack (5.2.8) lib/action_dispatch/middleware/static.rb:127:in `call'
rack (2.2.4) lib/rack/sendfile.rb:110:in `call'
railties (5.2.8) lib/rails/engine.rb:524:in `call'
puma (3.12.6) lib/puma/configuration.rb:227:in `call'
puma (3.12.6) lib/puma/server.rb:706:in `handle_request'
puma (3.12.6) lib/puma/server.rb:476:in `process_client'
puma (3.12.6) lib/puma/server.rb:334:in `block in run'
puma (3.12.6) lib/puma/thread_pool.rb:135:in `block in spawn_thread'
Started GET "/cats/new" for ::1 at 2022-07-01 16:25:07 -0400
Processing by CatsController#new as HTML
  Rendering cats/new.html.erb within layouts/application
  Rendered cats/new.html.erb within layouts/application (0.4ms)
Completed 200 OK in 19ms (Views: 18.8ms | ActiveRecord: 0.0ms)


Started GET "/cats/new" for ::1 at 2022-07-01 16:28:24 -0400
Processing by CatsController#new as HTML
  Rendering cats/new.html.erb within layouts/application
  Rendered cats/new.html.erb within layouts/application (0.5ms)
Completed 200 OK in 18ms (Views: 18.1ms | ActiveRecord: 0.0ms)


Started GET "/cats/new" for ::1 at 2022-07-01 16:28:35 -0400
Processing by CatsController#new as HTML
  Rendering cats/new.html.erb within layouts/application
  Rendered cats/new.html.erb within layouts/application (0.4ms)
Completed 200 OK in 13ms (Views: 13.1ms | ActiveRecord: 0.0ms)


Started GET "/cats/new" for ::1 at 2022-07-01 16:29:21 -0400
Processing by CatsController#new as HTML
  Rendering cats/new.html.erb within layouts/application
  Rendered cats/new.html.erb within layouts/application (1.4ms)
Completed 200 OK in 32ms (Views: 31.4ms | ActiveRecord: 0.0ms)


Started POST "/cats" for ::1 at 2022-07-01 16:30:11 -0400
Processing by CatsController#create as HTML
  Parameters: {"cat"=>{"name"=>"Georgia", "birth_date"=>"2022-03-17", "color"=>"Brown", "sex"=>"F", "description"=>"Cat desc"}}
Can't verify CSRF token authenticity.
Completed 422 Unprocessable Entity in 0ms (ActiveRecord: 0.0ms)


  
ActionController::InvalidAuthenticityToken (ActionController::InvalidAuthenticityToken):
  
actionpack (5.2.8) lib/action_controller/metal/request_forgery_protection.rb:215:in `handle_unverified_request'
actionpack (5.2.8) lib/action_controller/metal/request_forgery_protection.rb:247:in `handle_unverified_request'
actionpack (5.2.8) lib/action_controller/metal/request_forgery_protection.rb:242:in `verify_authenticity_token'
activesupport (5.2.8) lib/active_support/callbacks.rb:426:in `block in make_lambda'
activesupport (5.2.8) lib/active_support/callbacks.rb:198:in `block (2 levels) in halting'
actionpack (5.2.8) lib/abstract_controller/callbacks.rb:34:in `block (2 levels) in <module:Callbacks>'
activesupport (5.2.8) lib/active_support/callbacks.rb:199:in `block in halting'
activesupport (5.2.8) lib/active_support/callbacks.rb:513:in `block in invoke_before'
activesupport (5.2.8) lib/active_support/callbacks.rb:513:in `each'
activesupport (5.2.8) lib/active_support/callbacks.rb:513:in `invoke_before'
activesupport (5.2.8) lib/active_support/callbacks.rb:131:in `run_callbacks'
actionpack (5.2.8) lib/abstract_controller/callbacks.rb:41:in `process_action'
actionpack (5.2.8) lib/action_controller/metal/rescue.rb:22:in `process_action'
actionpack (5.2.8) lib/action_controller/metal/instrumentation.rb:34:in `block in process_action'
activesupport (5.2.8) lib/active_support/notifications.rb:168:in `block in instrument'
activesupport (5.2.8) lib/active_support/notifications/instrumenter.rb:23:in `instrument'
activesupport (5.2.8) lib/active_support/notifications.rb:168:in `instrument'
actionpack (5.2.8) lib/action_controller/metal/instrumentation.rb:32:in `process_action'
actionpack (5.2.8) lib/action_controller/metal/params_wrapper.rb:256:in `process_action'
activerecord (5.2.8) lib/active_record/railties/controller_runtime.rb:24:in `process_action'
actionpack (5.2.8) lib/abstract_controller/base.rb:134:in `process'
actionview (5.2.8) lib/action_view/rendering.rb:32:in `process'
actionpack (5.2.8) lib/action_controller/metal.rb:191:in `dispatch'
actionpack (5.2.8) lib/action_controller/metal.rb:252:in `dispatch'
actionpack (5.2.8) lib/action_dispatch/routing/route_set.rb:52:in `dispatch'
actionpack (5.2.8) lib/action_dispatch/routing/route_set.rb:34:in `serve'
actionpack (5.2.8) lib/action_dispatch/journey/router.rb:52:in `block in serve'
actionpack (5.2.8) lib/action_dispatch/journey/router.rb:35:in `each'
actionpack (5.2.8) lib/action_dispatch/journey/router.rb:35:in `serve'
actionpack (5.2.8) lib/action_dispatch/routing/route_set.rb:840:in `call'
rack (2.2.4) lib/rack/tempfile_reaper.rb:15:in `call'
rack (2.2.4) lib/rack/etag.rb:27:in `call'
rack (2.2.4) lib/rack/conditional_get.rb:40:in `call'
rack (2.2.4) lib/rack/head.rb:12:in `call'
actionpack (5.2.8) lib/action_dispatch/http/content_security_policy.rb:18:in `call'
rack (2.2.4) lib/rack/session/abstract/id.rb:266:in `context'
rack (2.2.4) lib/rack/session/abstract/id.rb:260:in `call'
actionpack (5.2.8) lib/action_dispatch/middleware/cookies.rb:670:in `call'
activerecord (5.2.8) lib/active_record/migration.rb:559:in `call'
actionpack (5.2.8) lib/action_dispatch/middleware/callbacks.rb:28:in `block in call'
activesupport (5.2.8) lib/active_support/callbacks.rb:98:in `run_callbacks'
actionpack (5.2.8) lib/action_dispatch/middleware/callbacks.rb:26:in `call'
actionpack (5.2.8) lib/action_dispatch/middleware/executor.rb:14:in `call'
actionpack (5.2.8) lib/action_dispatch/middleware/debug_exceptions.rb:61:in `call'
web-console (3.7.0) lib/web_console/middleware.rb:135:in `call_app'
web-console (3.7.0) lib/web_console/middleware.rb:30:in `block in call'
web-console (3.7.0) lib/web_console/middleware.rb:20:in `catch'
web-console (3.7.0) lib/web_console/middleware.rb:20:in `call'
actionpack (5.2.8) lib/action_dispatch/middleware/show_exceptions.rb:33:in `call'
railties (5.2.8) lib/rails/rack/logger.rb:38:in `call_app'
railties (5.2.8) lib/rails/rack/logger.rb:26:in `block in call'
activesupport (5.2.8) lib/active_support/tagged_logging.rb:71:in `block in tagged'
activesupport (5.2.8) lib/active_support/tagged_logging.rb:28:in `tagged'
activesupport (5.2.8) lib/active_support/tagged_logging.rb:71:in `tagged'
railties (5.2.8) lib/rails/rack/logger.rb:26:in `call'
sprockets-rails (3.4.2) lib/sprockets/rails/quiet_assets.rb:13:in `call'
actionpack (5.2.8) lib/action_dispatch/middleware/remote_ip.rb:81:in `call'
actionpack (5.2.8) lib/action_dispatch/middleware/request_id.rb:27:in `call'
rack (2.2.4) lib/rack/method_override.rb:24:in `call'
rack (2.2.4) lib/rack/runtime.rb:22:in `call'
activesupport (5.2.8) lib/active_support/cache/strategy/local_cache_middleware.rb:29:in `call'
actionpack (5.2.8) lib/action_dispatch/middleware/executor.rb:14:in `call'
actionpack (5.2.8) lib/action_dispatch/middleware/static.rb:127:in `call'
rack (2.2.4) lib/rack/sendfile.rb:110:in `call'
railties (5.2.8) lib/rails/engine.rb:524:in `call'
puma (3.12.6) lib/puma/configuration.rb:227:in `call'
puma (3.12.6) lib/puma/server.rb:706:in `handle_request'
puma (3.12.6) lib/puma/server.rb:476:in `process_client'
puma (3.12.6) lib/puma/server.rb:334:in `block in run'
puma (3.12.6) lib/puma/thread_pool.rb:135:in `block in spawn_thread'
Started POST "/cats" for ::1 at 2022-07-01 16:46:17 -0400
Processing by CatsController#create as HTML
  Parameters: {"cat"=>{"name"=>"Georgia", "birth_date"=>"2022-03-17", "color"=>"Brown", "sex"=>"F", "description"=>"Cat desc"}}
Can't verify CSRF token authenticity.
Completed 422 Unprocessable Entity in 0ms (ActiveRecord: 0.0ms)


  
ActionController::InvalidAuthenticityToken (ActionController::InvalidAuthenticityToken):
  
actionpack (5.2.8) lib/action_controller/metal/request_forgery_protection.rb:215:in `handle_unverified_request'
actionpack (5.2.8) lib/action_controller/metal/request_forgery_protection.rb:247:in `handle_unverified_request'
actionpack (5.2.8) lib/action_controller/metal/request_forgery_protection.rb:242:in `verify_authenticity_token'
activesupport (5.2.8) lib/active_support/callbacks.rb:426:in `block in make_lambda'
activesupport (5.2.8) lib/active_support/callbacks.rb:198:in `block (2 levels) in halting'
actionpack (5.2.8) lib/abstract_controller/callbacks.rb:34:in `block (2 levels) in <module:Callbacks>'
activesupport (5.2.8) lib/active_support/callbacks.rb:199:in `block in halting'
activesupport (5.2.8) lib/active_support/callbacks.rb:513:in `block in invoke_before'
activesupport (5.2.8) lib/active_support/callbacks.rb:513:in `each'
activesupport (5.2.8) lib/active_support/callbacks.rb:513:in `invoke_before'
activesupport (5.2.8) lib/active_support/callbacks.rb:131:in `run_callbacks'
actionpack (5.2.8) lib/abstract_controller/callbacks.rb:41:in `process_action'
actionpack (5.2.8) lib/action_controller/metal/rescue.rb:22:in `process_action'
actionpack (5.2.8) lib/action_controller/metal/instrumentation.rb:34:in `block in process_action'
activesupport (5.2.8) lib/active_support/notifications.rb:168:in `block in instrument'
activesupport (5.2.8) lib/active_support/notifications/instrumenter.rb:23:in `instrument'
activesupport (5.2.8) lib/active_support/notifications.rb:168:in `instrument'
actionpack (5.2.8) lib/action_controller/metal/instrumentation.rb:32:in `process_action'
actionpack (5.2.8) lib/action_controller/metal/params_wrapper.rb:256:in `process_action'
activerecord (5.2.8) lib/active_record/railties/controller_runtime.rb:24:in `process_action'
actionpack (5.2.8) lib/abstract_controller/base.rb:134:in `process'
actionview (5.2.8) lib/action_view/rendering.rb:32:in `process'
actionpack (5.2.8) lib/action_controller/metal.rb:191:in `dispatch'
actionpack (5.2.8) lib/action_controller/metal.rb:252:in `dispatch'
actionpack (5.2.8) lib/action_dispatch/routing/route_set.rb:52:in `dispatch'
actionpack (5.2.8) lib/action_dispatch/routing/route_set.rb:34:in `serve'
actionpack (5.2.8) lib/action_dispatch/journey/router.rb:52:in `block in serve'
actionpack (5.2.8) lib/action_dispatch/journey/router.rb:35:in `each'
actionpack (5.2.8) lib/action_dispatch/journey/router.rb:35:in `serve'
actionpack (5.2.8) lib/action_dispatch/routing/route_set.rb:840:in `call'
rack (2.2.4) lib/rack/tempfile_reaper.rb:15:in `call'
rack (2.2.4) lib/rack/etag.rb:27:in `call'
rack (2.2.4) lib/rack/conditional_get.rb:40:in `call'
rack (2.2.4) lib/rack/head.rb:12:in `call'
actionpack (5.2.8) lib/action_dispatch/http/content_security_policy.rb:18:in `call'
rack (2.2.4) lib/rack/session/abstract/id.rb:266:in `context'
rack (2.2.4) lib/rack/session/abstract/id.rb:260:in `call'
actionpack (5.2.8) lib/action_dispatch/middleware/cookies.rb:670:in `call'
activerecord (5.2.8) lib/active_record/migration.rb:559:in `call'
actionpack (5.2.8) lib/action_dispatch/middleware/callbacks.rb:28:in `block in call'
activesupport (5.2.8) lib/active_support/callbacks.rb:98:in `run_callbacks'
actionpack (5.2.8) lib/action_dispatch/middleware/callbacks.rb:26:in `call'
actionpack (5.2.8) lib/action_dispatch/middleware/executor.rb:14:in `call'
actionpack (5.2.8) lib/action_dispatch/middleware/debug_exceptions.rb:61:in `call'
web-console (3.7.0) lib/web_console/middleware.rb:135:in `call_app'
web-console (3.7.0) lib/web_console/middleware.rb:30:in `block in call'
web-console (3.7.0) lib/web_console/middleware.rb:20:in `catch'
web-console (3.7.0) lib/web_console/middleware.rb:20:in `call'
actionpack (5.2.8) lib/action_dispatch/middleware/show_exceptions.rb:33:in `call'
railties (5.2.8) lib/rails/rack/logger.rb:38:in `call_app'
railties (5.2.8) lib/rails/rack/logger.rb:26:in `block in call'
activesupport (5.2.8) lib/active_support/tagged_logging.rb:71:in `block in tagged'
activesupport (5.2.8) lib/active_support/tagged_logging.rb:28:in `tagged'
activesupport (5.2.8) lib/active_support/tagged_logging.rb:71:in `tagged'
railties (5.2.8) lib/rails/rack/logger.rb:26:in `call'
sprockets-rails (3.4.2) lib/sprockets/rails/quiet_assets.rb:13:in `call'
actionpack (5.2.8) lib/action_dispatch/middleware/remote_ip.rb:81:in `call'
actionpack (5.2.8) lib/action_dispatch/middleware/request_id.rb:27:in `call'
rack (2.2.4) lib/rack/method_override.rb:24:in `call'
rack (2.2.4) lib/rack/runtime.rb:22:in `call'
activesupport (5.2.8) lib/active_support/cache/strategy/local_cache_middleware.rb:29:in `call'
actionpack (5.2.8) lib/action_dispatch/middleware/executor.rb:14:in `call'
actionpack (5.2.8) lib/action_dispatch/middleware/static.rb:127:in `call'
rack (2.2.4) lib/rack/sendfile.rb:110:in `call'
railties (5.2.8) lib/rails/engine.rb:524:in `call'
puma (3.12.6) lib/puma/configuration.rb:227:in `call'
puma (3.12.6) lib/puma/server.rb:706:in `handle_request'
puma (3.12.6) lib/puma/server.rb:476:in `process_client'
puma (3.12.6) lib/puma/server.rb:334:in `block in run'
puma (3.12.6) lib/puma/thread_pool.rb:135:in `block in spawn_thread'
Started POST "/cats" for ::1 at 2022-07-01 16:47:00 -0400
Processing by CatsController#create as HTML
  Parameters: {"cat"=>{"name"=>"Georgia", "birth_date"=>"2022-03-17", "color"=>"Brown", "sex"=>"F", "description"=>"Cat desc"}}
  [1m[35m (0.1ms)[0m  [1m[35mBEGIN[0m
  ↳ app/controllers/cats_controller.rb:20
  [1m[36mCat Create (1.4ms)[0m  [1m[32mINSERT INTO "cats" ("birth_date", "color", "name", "sex", "description", "created_at", "updated_at") VALUES ($1, $2, $3, $4, $5, $6, $7) RETURNING "id"[0m  [["birth_date", "2022-03-17"], ["color", "Brown"], ["name", "Georgia"], ["sex", "F"], ["description", "Cat desc"], ["created_at", "2022-07-01 20:47:00.201036"], ["updated_at", "2022-07-01 20:47:00.201036"]]
  ↳ app/controllers/cats_controller.rb:20
  [1m[35m (0.9ms)[0m  [1m[35mCOMMIT[0m
  ↳ app/controllers/cats_controller.rb:20
Redirected to http://localhost:3000/cats/6
Completed 302 Found in 19ms (ActiveRecord: 10.0ms)


Started GET "/cats/6" for ::1 at 2022-07-01 16:47:00 -0400
Processing by CatsController#show as HTML
  Parameters: {"id"=>"6"}
  [1m[36mCat Load (0.3ms)[0m  [1m[34mSELECT  "cats".* FROM "cats" WHERE "cats"."id" = $1 LIMIT $2[0m  [["id", 6], ["LIMIT", 1]]
  ↳ app/controllers/cats_controller.rb:9
  Rendering cats/show.html.erb within layouts/application
  Rendered cats/show.html.erb within layouts/application (0.4ms)
Completed 200 OK in 18ms (Views: 16.3ms | ActiveRecord: 0.4ms)


Started GET "/cats/new" for ::1 at 2022-07-01 16:48:32 -0400
Processing by CatsController#new as HTML
  Rendering cats/new.html.erb within layouts/application
  Rendered cats/new.html.erb within layouts/application (0.4ms)
Completed 200 OK in 14ms (Views: 13.6ms | ActiveRecord: 0.0ms)


Started GET "/cats/1/edit" for ::1 at 2022-07-01 16:48:48 -0400
Processing by CatsController#edit as HTML
  Parameters: {"id"=>"1"}
  [1m[36mCat Load (0.2ms)[0m  [1m[34mSELECT  "cats".* FROM "cats" WHERE "cats"."id" = $1 LIMIT $2[0m  [["id", 1], ["LIMIT", 1]]
  ↳ app/controllers/cats_controller.rb:28
  Rendering cats/edit.html.erb within layouts/application
  Rendered cats/edit.html.erb within layouts/application (166.0ms)
Completed 500 Internal Server Error in 171ms (ActiveRecord: 0.2ms)


  
ActionView::Template::Error (undefined local variable or method `cat' for #<#<Class:0x000000013494cac0>:0x0000000111c1a9a0>
Did you mean?  @cat):
    12: 
    13:     <label>Color:
    14:         <select name="cat[color]">
    15:             <option disabled <%= cat.color ? "" : "selected" %> >Select color</option>
    16:             <option value="Lavender"<%= cat.color = "Lavander" ?  "selected" : "" %>Lavender</option>
    17:             <option value="Brown"<%= cat.color = "Brown" ? "selected" : "" %>>Brown</option>
    18:             <option value="White"<%= cat.color = "White" ? "selected" : "" %>>White</option>
  
app/views/cats/edit.html.erb:15:in `_app_views_cats_edit_html_erb__1082878634196488665_2296433180'
app/controllers/cats_controller.rb:29:in `edit'
Started GET "/cats/1/edit" for ::1 at 2022-07-01 16:51:09 -0400
Processing by CatsController#edit as HTML
  Parameters: {"id"=>"1"}
  [1m[36mCat Load (0.3ms)[0m  [1m[34mSELECT  "cats".* FROM "cats" WHERE "cats"."id" = $1 LIMIT $2[0m  [["id", 1], ["LIMIT", 1]]
  ↳ app/controllers/cats_controller.rb:28
  Rendering cats/edit.html.erb within layouts/application
  Rendered cats/edit.html.erb within layouts/application (164.5ms)
Completed 500 Internal Server Error in 169ms (ActiveRecord: 0.3ms)


  
ActionView::Template::Error (undefined local variable or method `cat' for #<#<Class:0x000000013494cac0>:0x0000000111c310b0>
Did you mean?  @cat):
    13:     <label>Color:
    14:         <select name="cat[color]">
    15:            <%# <option disabled <%= cat.color ? "" : "selected"  >Select color</option> %>
    16:             <option value="Lavender"<%= cat.color = "Lavander" ?  "selected" : "" %>Lavender</option>
    17:             <option value="Brown"<%= cat.color = "Brown" ? "selected" : "" %>>Brown</option>
    18:             <option value="White"<%= cat.color = "White" ? "selected" : "" %>>White</option>
    19:             <option value="Black"<%= cat.color = "Black?" ? "selected" : "" %>>Black</option>
  
app/views/cats/edit.html.erb:16:in `_app_views_cats_edit_html_erb__1082878634196488665_2296471000'
app/controllers/cats_controller.rb:29:in `edit'
Started GET "/cats/1/edit" for ::1 at 2022-07-01 16:51:40 -0400
Processing by CatsController#edit as HTML
  Parameters: {"id"=>"1"}
  [1m[36mCat Load (0.3ms)[0m  [1m[34mSELECT  "cats".* FROM "cats" WHERE "cats"."id" = $1 LIMIT $2[0m  [["id", 1], ["LIMIT", 1]]
  ↳ app/controllers/cats_controller.rb:28
  Rendering cats/edit.html.erb within layouts/application
  Rendered cats/edit.html.erb within layouts/application (0.6ms)
Completed 200 OK in 19ms (Views: 17.9ms | ActiveRecord: 0.3ms)


Started GET "/cats/1/edit" for ::1 at 2022-07-01 16:53:10 -0400
Processing by CatsController#edit as HTML
  Parameters: {"id"=>"1"}
  [1m[36mCat Load (0.3ms)[0m  [1m[34mSELECT  "cats".* FROM "cats" WHERE "cats"."id" = $1 LIMIT $2[0m  [["id", 1], ["LIMIT", 1]]
  ↳ app/controllers/cats_controller.rb:28
  Rendering cats/edit.html.erb within layouts/application
  Rendered cats/edit.html.erb within layouts/application (0.7ms)
Completed 200 OK in 21ms (Views: 19.6ms | ActiveRecord: 0.3ms)


Started GET "/cats/1/edit" for ::1 at 2022-07-01 16:53:11 -0400
Processing by CatsController#edit as HTML
  Parameters: {"id"=>"1"}
  [1m[36mCat Load (0.2ms)[0m  [1m[34mSELECT  "cats".* FROM "cats" WHERE "cats"."id" = $1 LIMIT $2[0m  [["id", 1], ["LIMIT", 1]]
  ↳ app/controllers/cats_controller.rb:28
  Rendering cats/edit.html.erb within layouts/application
  Rendered cats/edit.html.erb within layouts/application (0.6ms)
Completed 200 OK in 13ms (Views: 12.4ms | ActiveRecord: 0.2ms)


Started GET "/cats/1/edit" for ::1 at 2022-07-01 16:53:39 -0400
Processing by CatsController#edit as HTML
  Parameters: {"id"=>"1"}
  [1m[36mCat Load (0.2ms)[0m  [1m[34mSELECT  "cats".* FROM "cats" WHERE "cats"."id" = $1 LIMIT $2[0m  [["id", 1], ["LIMIT", 1]]
  ↳ app/controllers/cats_controller.rb:28
  Rendering cats/edit.html.erb within layouts/application
  Rendered cats/edit.html.erb within layouts/application (0.6ms)
Completed 200 OK in 17ms (Views: 16.3ms | ActiveRecord: 0.2ms)


Started GET "/cats/1/edit" for ::1 at 2022-07-01 16:53:58 -0400
Processing by CatsController#edit as HTML
  Parameters: {"id"=>"1"}
  [1m[36mCat Load (0.2ms)[0m  [1m[34mSELECT  "cats".* FROM "cats" WHERE "cats"."id" = $1 LIMIT $2[0m  [["id", 1], ["LIMIT", 1]]
  ↳ app/controllers/cats_controller.rb:28
  Rendering cats/edit.html.erb within layouts/application
  Rendered cats/edit.html.erb within layouts/application (0.6ms)
Completed 200 OK in 14ms (Views: 13.0ms | ActiveRecord: 0.2ms)


Started GET "/cats/1/edit" for ::1 at 2022-07-01 16:54:07 -0400
Processing by CatsController#edit as HTML
  Parameters: {"id"=>"1"}
  [1m[36mCat Load (0.4ms)[0m  [1m[34mSELECT  "cats".* FROM "cats" WHERE "cats"."id" = $1 LIMIT $2[0m  [["id", 1], ["LIMIT", 1]]
  ↳ app/controllers/cats_controller.rb:28
  Rendering cats/edit.html.erb within layouts/application
  Rendered cats/edit.html.erb within layouts/application (0.7ms)
Completed 200 OK in 15ms (Views: 13.2ms | ActiveRecord: 0.4ms)


Started GET "/cats/2/edit" for ::1 at 2022-07-01 16:54:56 -0400
Processing by CatsController#edit as HTML
  Parameters: {"id"=>"2"}
  [1m[36mCat Load (0.2ms)[0m  [1m[34mSELECT  "cats".* FROM "cats" WHERE "cats"."id" = $1 LIMIT $2[0m  [["id", 2], ["LIMIT", 1]]
  ↳ app/controllers/cats_controller.rb:28
  Rendering cats/edit.html.erb within layouts/application
  Rendered cats/edit.html.erb within layouts/application (0.7ms)
Completed 200 OK in 15ms (Views: 14.0ms | ActiveRecord: 0.2ms)


Started GET "/cats/3/edit" for ::1 at 2022-07-01 16:55:00 -0400
Processing by CatsController#edit as HTML
  Parameters: {"id"=>"3"}
  [1m[36mCat Load (0.2ms)[0m  [1m[34mSELECT  "cats".* FROM "cats" WHERE "cats"."id" = $1 LIMIT $2[0m  [["id", 3], ["LIMIT", 1]]
  ↳ app/controllers/cats_controller.rb:28
  Rendering cats/edit.html.erb within layouts/application
  Rendered cats/edit.html.erb within layouts/application (0.7ms)
Completed 200 OK in 14ms (Views: 12.6ms | ActiveRecord: 0.2ms)


Started GET "/cats/1/edit" for ::1 at 2022-07-01 16:55:36 -0400
Processing by CatsController#edit as HTML
  Parameters: {"id"=>"1"}
  [1m[36mCat Load (0.3ms)[0m  [1m[34mSELECT  "cats".* FROM "cats" WHERE "cats"."id" = $1 LIMIT $2[0m  [["id", 1], ["LIMIT", 1]]
  ↳ app/controllers/cats_controller.rb:28
  Rendering cats/edit.html.erb within layouts/application
  Rendered cats/edit.html.erb within layouts/application (0.7ms)
Completed 200 OK in 17ms (Views: 15.7ms | ActiveRecord: 0.3ms)


Started GET "/cats/1/edit" for ::1 at 2022-07-01 16:56:05 -0400
Processing by CatsController#edit as HTML
  Parameters: {"id"=>"1"}
  [1m[36mCat Load (0.3ms)[0m  [1m[34mSELECT  "cats".* FROM "cats" WHERE "cats"."id" = $1 LIMIT $2[0m  [["id", 1], ["LIMIT", 1]]
  ↳ app/controllers/cats_controller.rb:28
  Rendering cats/edit.html.erb within layouts/application
  Rendered cats/edit.html.erb within layouts/application (0.7ms)
Completed 200 OK in 18ms (Views: 16.8ms | ActiveRecord: 0.3ms)


Started GET "/cats/1/edit" for ::1 at 2022-07-01 16:56:50 -0400
Processing by CatsController#edit as HTML
  Parameters: {"id"=>"1"}
  [1m[36mCat Load (0.2ms)[0m  [1m[34mSELECT  "cats".* FROM "cats" WHERE "cats"."id" = $1 LIMIT $2[0m  [["id", 1], ["LIMIT", 1]]
  ↳ app/controllers/cats_controller.rb:28
  Rendering cats/edit.html.erb within layouts/application
  Rendered cats/edit.html.erb within layouts/application (165.1ms)
Completed 500 Internal Server Error in 170ms (ActiveRecord: 0.2ms)


  
ActionView::Template::Error (undefined local variable or method `cat' for #<#<Class:0x000000013494cac0>:0x0000000111b3b110>
Did you mean?  @cat):
    12: 
    13:     <label>Color:
    14:         <select name="cat[color]">
    15:            <option disabled <%= cat.color ? "" : "selected"  %>>Select color</option>
    16:             <option value="Lavender"<%= @cat.color == "Lavander" ?  "selected" : "" %>Lavender</option>
    17:             <option value="Brown"<%= @cat.color == "Brown" ? "selected" : "" %>>Brown</option>
    18:             <option value="White"<%= @cat.color == "White" ? "selected" : "" %>>White</option>
  
app/views/cats/edit.html.erb:15:in `_app_views_cats_edit_html_erb__1082878634196488665_2295975700'
app/controllers/cats_controller.rb:29:in `edit'
Started GET "/cats/1/edit" for ::1 at 2022-07-01 16:57:10 -0400
Processing by CatsController#edit as HTML
  Parameters: {"id"=>"1"}
  [1m[36mCat Load (0.2ms)[0m  [1m[34mSELECT  "cats".* FROM "cats" WHERE "cats"."id" = $1 LIMIT $2[0m  [["id", 1], ["LIMIT", 1]]
  ↳ app/controllers/cats_controller.rb:28
  Rendering cats/edit.html.erb within layouts/application
  Rendered cats/edit.html.erb within layouts/application (0.6ms)
Completed 200 OK in 18ms (Views: 16.9ms | ActiveRecord: 0.2ms)


Started GET "/cats/1/edit" for ::1 at 2022-07-01 16:57:29 -0400
Processing by CatsController#edit as HTML
  Parameters: {"id"=>"1"}
  [1m[36mCat Load (0.2ms)[0m  [1m[34mSELECT  "cats".* FROM "cats" WHERE "cats"."id" = $1 LIMIT $2[0m  [["id", 1], ["LIMIT", 1]]
  ↳ app/controllers/cats_controller.rb:28
  Rendering cats/edit.html.erb within layouts/application
  Rendered cats/edit.html.erb within layouts/application (1.0ms)
Completed 200 OK in 14ms (Views: 13.4ms | ActiveRecord: 0.2ms)


Started GET "/cats/1/edit" for ::1 at 2022-07-01 16:58:38 -0400
Processing by CatsController#edit as HTML
  Parameters: {"id"=>"1"}
  [1m[36mCat Load (0.2ms)[0m  [1m[34mSELECT  "cats".* FROM "cats" WHERE "cats"."id" = $1 LIMIT $2[0m  [["id", 1], ["LIMIT", 1]]
  ↳ app/controllers/cats_controller.rb:28
  Rendering cats/edit.html.erb within layouts/application
  Rendered cats/edit.html.erb within layouts/application (0.8ms)
Completed 200 OK in 22ms (Views: 20.6ms | ActiveRecord: 0.2ms)


Started PATCH "/cats" for ::1 at 2022-07-01 16:59:09 -0400
  
ActionController::RoutingError (No route matches [PATCH] "/cats"):
  
actionpack (5.2.8) lib/action_dispatch/middleware/debug_exceptions.rb:65:in `call'
web-console (3.7.0) lib/web_console/middleware.rb:135:in `call_app'
web-console (3.7.0) lib/web_console/middleware.rb:30:in `block in call'
web-console (3.7.0) lib/web_console/middleware.rb:20:in `catch'
web-console (3.7.0) lib/web_console/middleware.rb:20:in `call'
actionpack (5.2.8) lib/action_dispatch/middleware/show_exceptions.rb:33:in `call'
railties (5.2.8) lib/rails/rack/logger.rb:38:in `call_app'
railties (5.2.8) lib/rails/rack/logger.rb:26:in `block in call'
activesupport (5.2.8) lib/active_support/tagged_logging.rb:71:in `block in tagged'
activesupport (5.2.8) lib/active_support/tagged_logging.rb:28:in `tagged'
activesupport (5.2.8) lib/active_support/tagged_logging.rb:71:in `tagged'
railties (5.2.8) lib/rails/rack/logger.rb:26:in `call'
sprockets-rails (3.4.2) lib/sprockets/rails/quiet_assets.rb:13:in `call'
actionpack (5.2.8) lib/action_dispatch/middleware/remote_ip.rb:81:in `call'
actionpack (5.2.8) lib/action_dispatch/middleware/request_id.rb:27:in `call'
rack (2.2.4) lib/rack/method_override.rb:24:in `call'
rack (2.2.4) lib/rack/runtime.rb:22:in `call'
activesupport (5.2.8) lib/active_support/cache/strategy/local_cache_middleware.rb:29:in `call'
actionpack (5.2.8) lib/action_dispatch/middleware/executor.rb:14:in `call'
actionpack (5.2.8) lib/action_dispatch/middleware/static.rb:127:in `call'
rack (2.2.4) lib/rack/sendfile.rb:110:in `call'
railties (5.2.8) lib/rails/engine.rb:524:in `call'
puma (3.12.6) lib/puma/configuration.rb:227:in `call'
puma (3.12.6) lib/puma/server.rb:706:in `handle_request'
puma (3.12.6) lib/puma/server.rb:476:in `process_client'
puma (3.12.6) lib/puma/server.rb:334:in `block in run'
puma (3.12.6) lib/puma/thread_pool.rb:135:in `block in spawn_thread'
Started GET "/cats/1/edit" for ::1 at 2022-07-01 17:01:28 -0400
Processing by CatsController#edit as HTML
  Parameters: {"id"=>"1"}
  [1m[36mCat Load (0.3ms)[0m  [1m[34mSELECT  "cats".* FROM "cats" WHERE "cats"."id" = $1 LIMIT $2[0m  [["id", 1], ["LIMIT", 1]]
  ↳ app/controllers/cats_controller.rb:28
  Rendering cats/edit.html.erb within layouts/application
  Rendered cats/edit.html.erb within layouts/application (0.7ms)
Completed 200 OK in 17ms (Views: 15.7ms | ActiveRecord: 0.3ms)


Started GET "/cats/2/edit" for ::1 at 2022-07-01 17:01:34 -0400
Processing by CatsController#edit as HTML
  Parameters: {"id"=>"2"}
  [1m[36mCat Load (0.2ms)[0m  [1m[34mSELECT  "cats".* FROM "cats" WHERE "cats"."id" = $1 LIMIT $2[0m  [["id", 2], ["LIMIT", 1]]
  ↳ app/controllers/cats_controller.rb:28
  Rendering cats/edit.html.erb within layouts/application
  Rendered cats/edit.html.erb within layouts/application (0.7ms)
Completed 200 OK in 14ms (Views: 12.7ms | ActiveRecord: 0.2ms)


Started PATCH "/cats" for ::1 at 2022-07-01 17:01:39 -0400
  
ActionController::RoutingError (No route matches [PATCH] "/cats"):
  
actionpack (5.2.8) lib/action_dispatch/middleware/debug_exceptions.rb:65:in `call'
web-console (3.7.0) lib/web_console/middleware.rb:135:in `call_app'
web-console (3.7.0) lib/web_console/middleware.rb:30:in `block in call'
web-console (3.7.0) lib/web_console/middleware.rb:20:in `catch'
web-console (3.7.0) lib/web_console/middleware.rb:20:in `call'
actionpack (5.2.8) lib/action_dispatch/middleware/show_exceptions.rb:33:in `call'
railties (5.2.8) lib/rails/rack/logger.rb:38:in `call_app'
railties (5.2.8) lib/rails/rack/logger.rb:26:in `block in call'
activesupport (5.2.8) lib/active_support/tagged_logging.rb:71:in `block in tagged'
activesupport (5.2.8) lib/active_support/tagged_logging.rb:28:in `tagged'
activesupport (5.2.8) lib/active_support/tagged_logging.rb:71:in `tagged'
railties (5.2.8) lib/rails/rack/logger.rb:26:in `call'
sprockets-rails (3.4.2) lib/sprockets/rails/quiet_assets.rb:13:in `call'
actionpack (5.2.8) lib/action_dispatch/middleware/remote_ip.rb:81:in `call'
actionpack (5.2.8) lib/action_dispatch/middleware/request_id.rb:27:in `call'
rack (2.2.4) lib/rack/method_override.rb:24:in `call'
rack (2.2.4) lib/rack/runtime.rb:22:in `call'
activesupport (5.2.8) lib/active_support/cache/strategy/local_cache_middleware.rb:29:in `call'
actionpack (5.2.8) lib/action_dispatch/middleware/executor.rb:14:in `call'
actionpack (5.2.8) lib/action_dispatch/middleware/static.rb:127:in `call'
rack (2.2.4) lib/rack/sendfile.rb:110:in `call'
railties (5.2.8) lib/rails/engine.rb:524:in `call'
puma (3.12.6) lib/puma/configuration.rb:227:in `call'
puma (3.12.6) lib/puma/server.rb:706:in `handle_request'
puma (3.12.6) lib/puma/server.rb:476:in `process_client'
puma (3.12.6) lib/puma/server.rb:334:in `block in run'
puma (3.12.6) lib/puma/thread_pool.rb:135:in `block in spawn_thread'
Started GET "/cats/2/edit" for ::1 at 2022-07-01 17:03:20 -0400
Processing by CatsController#edit as HTML
  Parameters: {"id"=>"2"}
  [1m[36mCat Load (0.1ms)[0m  [1m[34mSELECT  "cats".* FROM "cats" WHERE "cats"."id" = $1 LIMIT $2[0m  [["id", 2], ["LIMIT", 1]]
  ↳ app/controllers/cats_controller.rb:28
  Rendering cats/edit.html.erb within layouts/application
  Rendered cats/edit.html.erb within layouts/application (0.7ms)
Completed 200 OK in 31ms (Views: 17.3ms | ActiveRecord: 4.4ms)


Started PATCH "/cats" for ::1 at 2022-07-01 17:03:22 -0400
  
ActionController::RoutingError (No route matches [PATCH] "/cats"):
  
actionpack (5.2.8) lib/action_dispatch/middleware/debug_exceptions.rb:65:in `call'
web-console (3.7.0) lib/web_console/middleware.rb:135:in `call_app'
web-console (3.7.0) lib/web_console/middleware.rb:30:in `block in call'
web-console (3.7.0) lib/web_console/middleware.rb:20:in `catch'
web-console (3.7.0) lib/web_console/middleware.rb:20:in `call'
actionpack (5.2.8) lib/action_dispatch/middleware/show_exceptions.rb:33:in `call'
railties (5.2.8) lib/rails/rack/logger.rb:38:in `call_app'
railties (5.2.8) lib/rails/rack/logger.rb:26:in `block in call'
activesupport (5.2.8) lib/active_support/tagged_logging.rb:71:in `block in tagged'
activesupport (5.2.8) lib/active_support/tagged_logging.rb:28:in `tagged'
activesupport (5.2.8) lib/active_support/tagged_logging.rb:71:in `tagged'
railties (5.2.8) lib/rails/rack/logger.rb:26:in `call'
sprockets-rails (3.4.2) lib/sprockets/rails/quiet_assets.rb:13:in `call'
actionpack (5.2.8) lib/action_dispatch/middleware/remote_ip.rb:81:in `call'
actionpack (5.2.8) lib/action_dispatch/middleware/request_id.rb:27:in `call'
rack (2.2.4) lib/rack/method_override.rb:24:in `call'
rack (2.2.4) lib/rack/runtime.rb:22:in `call'
activesupport (5.2.8) lib/active_support/cache/strategy/local_cache_middleware.rb:29:in `call'
actionpack (5.2.8) lib/action_dispatch/middleware/executor.rb:14:in `call'
actionpack (5.2.8) lib/action_dispatch/middleware/static.rb:127:in `call'
rack (2.2.4) lib/rack/sendfile.rb:110:in `call'
railties (5.2.8) lib/rails/engine.rb:524:in `call'
puma (3.12.6) lib/puma/configuration.rb:227:in `call'
puma (3.12.6) lib/puma/server.rb:706:in `handle_request'
puma (3.12.6) lib/puma/server.rb:476:in `process_client'
puma (3.12.6) lib/puma/server.rb:334:in `block in run'
puma (3.12.6) lib/puma/thread_pool.rb:135:in `block in spawn_thread'
Started PATCH "/cats" for ::1 at 2022-07-01 17:06:38 -0400
  
ActionController::RoutingError (No route matches [PATCH] "/cats"):
  
actionpack (5.2.8) lib/action_dispatch/middleware/debug_exceptions.rb:65:in `call'
web-console (3.7.0) lib/web_console/middleware.rb:135:in `call_app'
web-console (3.7.0) lib/web_console/middleware.rb:30:in `block in call'
web-console (3.7.0) lib/web_console/middleware.rb:20:in `catch'
web-console (3.7.0) lib/web_console/middleware.rb:20:in `call'
actionpack (5.2.8) lib/action_dispatch/middleware/show_exceptions.rb:33:in `call'
railties (5.2.8) lib/rails/rack/logger.rb:38:in `call_app'
railties (5.2.8) lib/rails/rack/logger.rb:26:in `block in call'
activesupport (5.2.8) lib/active_support/tagged_logging.rb:71:in `block in tagged'
activesupport (5.2.8) lib/active_support/tagged_logging.rb:28:in `tagged'
activesupport (5.2.8) lib/active_support/tagged_logging.rb:71:in `tagged'
railties (5.2.8) lib/rails/rack/logger.rb:26:in `call'
sprockets-rails (3.4.2) lib/sprockets/rails/quiet_assets.rb:13:in `call'
actionpack (5.2.8) lib/action_dispatch/middleware/remote_ip.rb:81:in `call'
actionpack (5.2.8) lib/action_dispatch/middleware/request_id.rb:27:in `call'
rack (2.2.4) lib/rack/method_override.rb:24:in `call'
rack (2.2.4) lib/rack/runtime.rb:22:in `call'
activesupport (5.2.8) lib/active_support/cache/strategy/local_cache_middleware.rb:29:in `call'
actionpack (5.2.8) lib/action_dispatch/middleware/executor.rb:14:in `call'
actionpack (5.2.8) lib/action_dispatch/middleware/static.rb:127:in `call'
rack (2.2.4) lib/rack/sendfile.rb:110:in `call'
railties (5.2.8) lib/rails/engine.rb:524:in `call'
puma (3.12.6) lib/puma/configuration.rb:227:in `call'
puma (3.12.6) lib/puma/server.rb:706:in `handle_request'
puma (3.12.6) lib/puma/server.rb:476:in `process_client'
puma (3.12.6) lib/puma/server.rb:334:in `block in run'
puma (3.12.6) lib/puma/thread_pool.rb:135:in `block in spawn_thread'
Started PATCH "/cats" for ::1 at 2022-07-01 17:07:48 -0400
  [1m[35m (1.4ms)[0m  [1m[34mSELECT "schema_migrations"."version" FROM "schema_migrations" ORDER BY "schema_migrations"."version" ASC[0m
  ↳ /Users/dianamc/.rbenv/versions/2.5.1/lib/ruby/gems/2.5.0/gems/activerecord-5.2.8/lib/active_record/log_subscriber.rb:98
  
ActionController::RoutingError (No route matches [PATCH] "/cats"):
  
actionpack (5.2.8) lib/action_dispatch/middleware/debug_exceptions.rb:65:in `call'
web-console (3.7.0) lib/web_console/middleware.rb:135:in `call_app'
web-console (3.7.0) lib/web_console/middleware.rb:30:in `block in call'
web-console (3.7.0) lib/web_console/middleware.rb:20:in `catch'
web-console (3.7.0) lib/web_console/middleware.rb:20:in `call'
actionpack (5.2.8) lib/action_dispatch/middleware/show_exceptions.rb:33:in `call'
railties (5.2.8) lib/rails/rack/logger.rb:38:in `call_app'
railties (5.2.8) lib/rails/rack/logger.rb:26:in `block in call'
activesupport (5.2.8) lib/active_support/tagged_logging.rb:71:in `block in tagged'
activesupport (5.2.8) lib/active_support/tagged_logging.rb:28:in `tagged'
activesupport (5.2.8) lib/active_support/tagged_logging.rb:71:in `tagged'
railties (5.2.8) lib/rails/rack/logger.rb:26:in `call'
sprockets-rails (3.4.2) lib/sprockets/rails/quiet_assets.rb:13:in `call'
actionpack (5.2.8) lib/action_dispatch/middleware/remote_ip.rb:81:in `call'
actionpack (5.2.8) lib/action_dispatch/middleware/request_id.rb:27:in `call'
rack (2.2.4) lib/rack/method_override.rb:24:in `call'
rack (2.2.4) lib/rack/runtime.rb:22:in `call'
activesupport (5.2.8) lib/active_support/cache/strategy/local_cache_middleware.rb:29:in `call'
actionpack (5.2.8) lib/action_dispatch/middleware/executor.rb:14:in `call'
actionpack (5.2.8) lib/action_dispatch/middleware/static.rb:127:in `call'
rack (2.2.4) lib/rack/sendfile.rb:110:in `call'
railties (5.2.8) lib/rails/engine.rb:524:in `call'
puma (3.12.6) lib/puma/configuration.rb:227:in `call'
puma (3.12.6) lib/puma/server.rb:706:in `handle_request'
puma (3.12.6) lib/puma/server.rb:476:in `process_client'
puma (3.12.6) lib/puma/server.rb:334:in `block in run'
puma (3.12.6) lib/puma/thread_pool.rb:135:in `block in spawn_thread'
Started PATCH "/cats" for ::1 at 2022-07-01 17:08:00 -0400
  
ActionController::RoutingError (No route matches [PATCH] "/cats"):
  
actionpack (5.2.8) lib/action_dispatch/middleware/debug_exceptions.rb:65:in `call'
web-console (3.7.0) lib/web_console/middleware.rb:135:in `call_app'
web-console (3.7.0) lib/web_console/middleware.rb:30:in `block in call'
web-console (3.7.0) lib/web_console/middleware.rb:20:in `catch'
web-console (3.7.0) lib/web_console/middleware.rb:20:in `call'
actionpack (5.2.8) lib/action_dispatch/middleware/show_exceptions.rb:33:in `call'
railties (5.2.8) lib/rails/rack/logger.rb:38:in `call_app'
railties (5.2.8) lib/rails/rack/logger.rb:26:in `block in call'
activesupport (5.2.8) lib/active_support/tagged_logging.rb:71:in `block in tagged'
activesupport (5.2.8) lib/active_support/tagged_logging.rb:28:in `tagged'
activesupport (5.2.8) lib/active_support/tagged_logging.rb:71:in `tagged'
railties (5.2.8) lib/rails/rack/logger.rb:26:in `call'
sprockets-rails (3.4.2) lib/sprockets/rails/quiet_assets.rb:13:in `call'
actionpack (5.2.8) lib/action_dispatch/middleware/remote_ip.rb:81:in `call'
actionpack (5.2.8) lib/action_dispatch/middleware/request_id.rb:27:in `call'
rack (2.2.4) lib/rack/method_override.rb:24:in `call'
rack (2.2.4) lib/rack/runtime.rb:22:in `call'
activesupport (5.2.8) lib/active_support/cache/strategy/local_cache_middleware.rb:29:in `call'
actionpack (5.2.8) lib/action_dispatch/middleware/executor.rb:14:in `call'
actionpack (5.2.8) lib/action_dispatch/middleware/static.rb:127:in `call'
rack (2.2.4) lib/rack/sendfile.rb:110:in `call'
railties (5.2.8) lib/rails/engine.rb:524:in `call'
puma (3.12.6) lib/puma/configuration.rb:227:in `call'
puma (3.12.6) lib/puma/server.rb:706:in `handle_request'
puma (3.12.6) lib/puma/server.rb:476:in `process_client'
puma (3.12.6) lib/puma/server.rb:334:in `block in run'
puma (3.12.6) lib/puma/thread_pool.rb:135:in `block in spawn_thread'
Started PATCH "/cats" for ::1 at 2022-07-01 17:09:00 -0400
  
ActionController::RoutingError (No route matches [PATCH] "/cats"):
  
actionpack (5.2.8) lib/action_dispatch/middleware/debug_exceptions.rb:65:in `call'
web-console (3.7.0) lib/web_console/middleware.rb:135:in `call_app'
web-console (3.7.0) lib/web_console/middleware.rb:30:in `block in call'
web-console (3.7.0) lib/web_console/middleware.rb:20:in `catch'
web-console (3.7.0) lib/web_console/middleware.rb:20:in `call'
actionpack (5.2.8) lib/action_dispatch/middleware/show_exceptions.rb:33:in `call'
railties (5.2.8) lib/rails/rack/logger.rb:38:in `call_app'
railties (5.2.8) lib/rails/rack/logger.rb:26:in `block in call'
activesupport (5.2.8) lib/active_support/tagged_logging.rb:71:in `block in tagged'
activesupport (5.2.8) lib/active_support/tagged_logging.rb:28:in `tagged'
activesupport (5.2.8) lib/active_support/tagged_logging.rb:71:in `tagged'
railties (5.2.8) lib/rails/rack/logger.rb:26:in `call'
sprockets-rails (3.4.2) lib/sprockets/rails/quiet_assets.rb:13:in `call'
actionpack (5.2.8) lib/action_dispatch/middleware/remote_ip.rb:81:in `call'
actionpack (5.2.8) lib/action_dispatch/middleware/request_id.rb:27:in `call'
rack (2.2.4) lib/rack/method_override.rb:24:in `call'
rack (2.2.4) lib/rack/runtime.rb:22:in `call'
activesupport (5.2.8) lib/active_support/cache/strategy/local_cache_middleware.rb:29:in `call'
actionpack (5.2.8) lib/action_dispatch/middleware/executor.rb:14:in `call'
actionpack (5.2.8) lib/action_dispatch/middleware/static.rb:127:in `call'
rack (2.2.4) lib/rack/sendfile.rb:110:in `call'
railties (5.2.8) lib/rails/engine.rb:524:in `call'
puma (3.12.6) lib/puma/configuration.rb:227:in `call'
puma (3.12.6) lib/puma/server.rb:706:in `handle_request'
puma (3.12.6) lib/puma/server.rb:476:in `process_client'
puma (3.12.6) lib/puma/server.rb:334:in `block in run'
puma (3.12.6) lib/puma/thread_pool.rb:135:in `block in spawn_thread'
Started GET "/cats/1/edit" for ::1 at 2022-07-01 17:09:05 -0400
Processing by CatsController#edit as HTML
  Parameters: {"id"=>"1"}
  [1m[36mCat Load (0.5ms)[0m  [1m[34mSELECT  "cats".* FROM "cats" WHERE "cats"."id" = $1 LIMIT $2[0m  [["id", 1], ["LIMIT", 1]]
  ↳ app/controllers/cats_controller.rb:28
  Rendering cats/edit.html.erb within layouts/application
  Rendered cats/edit.html.erb within layouts/application (0.8ms)
Completed 200 OK in 201ms (Views: 182.6ms | ActiveRecord: 4.5ms)


Started PATCH "/cats/1" for ::1 at 2022-07-01 17:09:06 -0400
Processing by CatsController#update as HTML
  Parameters: {"cat"=>{"name"=>"Salem", "birth_date"=>"2015-01-20", "color"=>"Black", "sex"=>"F", "description"=>"talking magical cat"}, "id"=>"1"}
  [1m[36mCat Load (0.3ms)[0m  [1m[34mSELECT  "cats".* FROM "cats" WHERE "cats"."id" = $1 LIMIT $2[0m  [["id", 1], ["LIMIT", 1]]
  ↳ app/controllers/cats_controller.rb:33
  [1m[35m (0.2ms)[0m  [1m[35mBEGIN[0m
  ↳ app/controllers/cats_controller.rb:35
  [1m[36mCat Update (0.7ms)[0m  [1m[33mUPDATE "cats" SET "sex" = $1, "updated_at" = $2 WHERE "cats"."id" = $3[0m  [["sex", "F"], ["updated_at", "2022-07-01 21:09:06.408547"], ["id", 1]]
  ↳ app/controllers/cats_controller.rb:35
  [1m[35m (1.0ms)[0m  [1m[35mCOMMIT[0m
  ↳ app/controllers/cats_controller.rb:35
Redirected to http://localhost:3000/cats/1
Completed 302 Found in 8ms (ActiveRecord: 2.2ms)


Started GET "/cats/1" for ::1 at 2022-07-01 17:09:06 -0400
Processing by CatsController#show as HTML
  Parameters: {"id"=>"1"}
  [1m[36mCat Load (0.3ms)[0m  [1m[34mSELECT  "cats".* FROM "cats" WHERE "cats"."id" = $1 LIMIT $2[0m  [["id", 1], ["LIMIT", 1]]
  ↳ app/controllers/cats_controller.rb:9
  Rendering cats/show.html.erb within layouts/application
  Rendered cats/show.html.erb within layouts/application (0.4ms)
Completed 200 OK in 14ms (Views: 12.8ms | ActiveRecord: 0.3ms)


